TN:
SF:__tests__\test-server.ts
FNF:0
FNH:0
DA:1,1
DA:2,1
DA:3,1
DA:4,1
DA:5,1
DA:6,1
DA:7,1
DA:8,1
LF:8
LH:8
BRF:0
BRH:0
end_of_record
TN:
SF:src\app.ts
FN:8,main
FNF:1
FNH:1
FNDA:1,main
DA:1,1
DA:2,1
DA:3,1
DA:4,1
DA:5,1
DA:6,1
DA:7,1
DA:8,1
DA:9,1
DA:10,1
DA:11,1
DA:12,1
LF:12
LH:12
BRDA:4,0,0,1
BRDA:8,1,0,1
BRF:2
BRH:2
end_of_record
TN:
SF:src\config\envs.ts
FNF:0
FNH:0
DA:1,1
DA:2,1
DA:3,1
DA:4,1
DA:5,1
DA:6,1
DA:7,1
LF:7
LH:7
BRF:0
BRH:0
end_of_record
TN:
SF:src\data\postgres\index.ts
FNF:0
FNH:0
DA:1,1
DA:2,1
DA:3,1
LF:3
LH:3
BRF:0
BRH:0
end_of_record
TN:
SF:src\domain\index.ts
FNF:0
FNH:0
DA:1,1
DA:2,1
DA:3,1
DA:4,1
DA:5,1
DA:6,1
DA:7,1
DA:8,1
DA:9,1
DA:10,1
LF:10
LH:10
BRF:0
BRH:0
end_of_record
TN:
SF:src\domain\datasources\todo.datasource.ts
FNF:0
FNH:0
DA:1,1
DA:2,1
DA:3,1
DA:4,1
DA:5,1
DA:6,1
DA:7,1
DA:8,1
DA:9,1
DA:10,1
LF:10
LH:10
BRF:0
BRH:0
end_of_record
TN:
SF:src\domain\dtos\index.ts
FNF:0
FNH:0
DA:1,1
DA:2,1
LF:2
LH:2
BRF:0
BRH:0
end_of_record
TN:
SF:src\domain\dtos\todos\create-todo.dto.ts
FN:4,CreateTodoDto
FN:6,create
FNF:2
FNH:0
FNDA:0,CreateTodoDto
FNDA:0,create
DA:1,1
DA:2,1
DA:3,1
DA:4,1
DA:5,1
DA:6,1
DA:7,0
DA:8,0
DA:9,0
DA:10,0
DA:11,0
DA:12,0
DA:13,1
LF:13
LH:7
BRF:0
BRH:0
end_of_record
TN:
SF:src\domain\dtos\todos\update-todo.dto.ts
FN:2,UpdateTodoDto
FN:8,get values
FN:17,create
FNF:3
FNH:0
FNDA:0,UpdateTodoDto
FNDA:0,get values
FNDA:0,create
DA:1,1
DA:2,1
DA:3,0
DA:4,0
DA:5,0
DA:6,0
DA:7,1
DA:8,1
DA:9,0
DA:10,0
DA:11,0
DA:12,0
DA:13,0
DA:14,0
DA:15,0
DA:16,1
DA:17,1
DA:18,0
DA:19,0
DA:20,0
DA:21,0
DA:22,0
DA:23,0
DA:24,0
DA:25,0
DA:26,0
DA:27,0
DA:28,0
DA:29,0
DA:30,0
DA:31,0
DA:32,0
DA:33,1
LF:33
LH:7
BRF:0
BRH:0
end_of_record
TN:
SF:src\domain\entities\todo.entity.ts
FN:4,TodoEntity
FN:10,get isCompleted
FN:14,fromObject
FNF:3
FNH:2
FNDA:2,TodoEntity
FNDA:0,get isCompleted
FNDA:2,fromObject
DA:1,1
DA:2,1
DA:3,1
DA:4,1
DA:5,2
DA:6,2
DA:7,2
DA:8,2
DA:9,1
DA:10,1
DA:11,0
DA:12,0
DA:13,1
DA:14,1
DA:15,2
DA:16,2
DA:17,2
DA:18,2
DA:19,2
DA:20,2
DA:21,2
DA:22,2
DA:23,0
DA:24,0
DA:25,0
DA:26,0
DA:27,0
DA:28,0
DA:29,2
DA:30,2
DA:31,2
DA:32,1
LF:32
LH:24
BRDA:4,0,0,2
BRDA:14,1,0,2
BRDA:17,2,0,0
BRDA:18,3,0,0
BRDA:22,4,0,0
BRF:5
BRH:2
end_of_record
TN:
SF:src\domain\repositories\todo.repository.ts
FNF:0
FNH:0
DA:1,1
DA:2,1
DA:3,1
DA:4,1
DA:5,1
DA:6,1
DA:7,1
DA:8,1
DA:9,1
DA:10,1
LF:10
LH:10
BRF:0
BRH:0
end_of_record
TN:
SF:src\domain\use-cases\todo\create-todo.ts
FN:10,CreateTodo
FN:12,execute
FNF:2
FNH:0
FNDA:0,CreateTodo
FNDA:0,execute
DA:1,1
DA:2,1
DA:3,1
DA:4,1
DA:5,1
DA:6,1
DA:7,1
DA:8,1
DA:9,1
DA:10,1
DA:11,1
DA:12,1
DA:13,0
DA:14,0
DA:15,1
LF:15
LH:13
BRF:0
BRH:0
end_of_record
TN:
SF:src\domain\use-cases\todo\delete-todo.ts
FN:9,DeleteTodo
FN:11,execute
FNF:2
FNH:0
FNDA:0,DeleteTodo
FNDA:0,execute
DA:1,1
DA:2,1
DA:3,1
DA:4,1
DA:5,1
DA:6,1
DA:7,1
DA:8,1
DA:9,1
DA:10,1
DA:11,1
DA:12,0
DA:13,0
DA:14,1
LF:14
LH:12
BRF:0
BRH:0
end_of_record
TN:
SF:src\domain\use-cases\todo\get-todo.ts
FN:9,GetTodo
FN:11,execute
FNF:2
FNH:0
FNDA:0,GetTodo
FNDA:0,execute
DA:1,1
DA:2,1
DA:3,1
DA:4,1
DA:5,1
DA:6,1
DA:7,1
DA:8,1
DA:9,1
DA:10,1
DA:11,1
DA:12,0
DA:13,0
DA:14,1
LF:14
LH:12
BRF:0
BRH:0
end_of_record
TN:
SF:src\domain\use-cases\todo\get-todos.ts
FN:9,GetTodos
FN:11,execute
FNF:2
FNH:2
FNDA:1,GetTodos
FNDA:1,execute
DA:1,1
DA:2,1
DA:3,1
DA:4,1
DA:5,1
DA:6,1
DA:7,1
DA:8,1
DA:9,1
DA:10,1
DA:11,1
DA:12,1
DA:13,1
DA:14,1
LF:14
LH:14
BRDA:9,0,0,1
BRDA:11,1,0,1
BRF:2
BRH:2
end_of_record
TN:
SF:src\domain\use-cases\todo\update-todo.ts
FN:10,UpdateTodo
FN:12,execute
FNF:2
FNH:0
FNDA:0,UpdateTodo
FNDA:0,execute
DA:1,1
DA:2,1
DA:3,1
DA:4,1
DA:5,1
DA:6,1
DA:7,1
DA:8,1
DA:9,1
DA:10,1
DA:11,1
DA:12,1
DA:13,0
DA:14,0
DA:15,1
LF:15
LH:13
BRF:0
BRH:0
end_of_record
TN:
SF:src\infrastructure\datasources\todo.datasource.impl.ts
FN:12,create
FN:17,getAll
FN:22,findById
FN:32,updateById
FN:43,deleteById
FNF:5
FNH:1
FNDA:0,create
FNDA:1,getAll
FNDA:0,findById
FNDA:0,updateById
FNDA:0,deleteById
DA:1,1
DA:2,1
DA:3,1
DA:4,1
DA:5,1
DA:6,1
DA:7,1
DA:8,1
DA:9,1
DA:10,1
DA:11,1
DA:12,1
DA:13,0
DA:14,0
DA:15,0
DA:16,1
DA:17,1
DA:18,1
DA:19,1
DA:20,1
DA:21,1
DA:22,1
DA:23,0
DA:24,0
DA:25,0
DA:26,0
DA:27,0
DA:28,0
DA:29,0
DA:30,0
DA:31,1
DA:32,1
DA:33,0
DA:34,0
DA:35,0
DA:36,0
DA:37,0
DA:38,0
DA:39,0
DA:40,0
DA:41,0
DA:42,1
DA:43,1
DA:44,0
DA:45,0
DA:46,0
DA:47,0
DA:48,0
DA:49,0
DA:50,0
DA:51,0
DA:52,1
LF:52
LH:24
BRDA:17,0,0,1
BRDA:19,1,0,2
BRF:2
BRH:2
end_of_record
TN:
SF:src\infrastructure\repositories\todo.repository.impl.ts
FN:10,TodoRepositoryImpl
FN:12,create
FN:16,getAll
FN:20,findById
FN:24,updateById
FN:28,deleteById
FNF:6
FNH:2
FNDA:2,TodoRepositoryImpl
FNDA:0,create
FNDA:1,getAll
FNDA:0,findById
FNDA:0,updateById
FNDA:0,deleteById
DA:1,1
DA:2,1
DA:3,1
DA:4,1
DA:5,1
DA:6,1
DA:7,1
DA:8,1
DA:9,1
DA:10,1
DA:11,1
DA:12,1
DA:13,0
DA:14,0
DA:15,1
DA:16,1
DA:17,1
DA:18,1
DA:19,1
DA:20,1
DA:21,0
DA:22,0
DA:23,1
DA:24,1
DA:25,0
DA:26,0
DA:27,1
DA:28,1
DA:29,0
DA:30,0
DA:31,1
LF:31
LH:23
BRDA:10,0,0,2
BRDA:16,1,0,1
BRF:2
BRH:2
end_of_record
TN:
SF:src\presentation\routes.ts
FN:5,get routes
FNF:1
FNH:1
FNDA:2,get routes
DA:1,1
DA:2,1
DA:3,1
DA:4,1
DA:5,1
DA:6,2
DA:7,2
DA:8,2
DA:9,2
DA:10,2
DA:11,2
DA:12,1
LF:12
LH:12
BRDA:5,0,0,2
BRF:1
BRH:1
end_of_record
TN:
SF:src\presentation\server.ts
FN:17,Server
FN:25,start
FN:49,close
FNF:3
FNH:3
FNDA:1,Server
FNDA:1,start
FNDA:1,close
DA:1,1
DA:2,1
DA:3,1
DA:4,1
DA:5,1
DA:6,1
DA:7,1
DA:8,1
DA:9,1
DA:10,1
DA:11,1
DA:12,1
DA:13,1
DA:14,1
DA:15,1
DA:16,1
DA:17,1
DA:18,1
DA:19,1
DA:20,1
DA:21,1
DA:22,1
DA:23,1
DA:24,1
DA:25,1
DA:26,1
DA:27,1
DA:28,1
DA:29,1
DA:30,1
DA:31,1
DA:32,1
DA:33,1
DA:34,1
DA:35,1
DA:36,1
DA:37,0
DA:38,0
DA:39,0
DA:40,0
DA:41,0
DA:42,1
DA:43,1
DA:44,1
DA:45,1
DA:46,1
DA:47,1
DA:48,1
DA:49,1
DA:50,1
DA:51,1
DA:52,1
LF:52
LH:47
BRDA:17,0,0,1
BRDA:25,1,0,1
BRDA:44,2,0,1
BRDA:49,3,0,1
BRDA:50,4,0,0
BRF:5
BRH:4
end_of_record
TN:
SF:src\presentation\todos\controller.ts
FN:17,TodosController
FN:19,TodosController.getTodos
FN:26,TodosController.getTodoById
FN:35,TodosController.createTodo
FN:46,TodosController.updateTodo
FN:61,TodosController.deleteTodo
FNF:6
FNH:2
FNDA:2,TodosController
FNDA:1,TodosController.getTodos
FNDA:0,TodosController.getTodoById
FNDA:0,TodosController.createTodo
FNDA:0,TodosController.updateTodo
FNDA:0,TodosController.deleteTodo
DA:1,1
DA:2,1
DA:3,1
DA:4,1
DA:5,1
DA:6,1
DA:7,1
DA:8,1
DA:9,1
DA:10,1
DA:11,1
DA:12,1
DA:13,1
DA:14,1
DA:15,1
DA:16,1
DA:17,1
DA:18,1
DA:19,1
DA:20,1
DA:21,1
DA:22,1
DA:23,1
DA:24,1
DA:25,1
DA:26,1
DA:27,0
DA:28,0
DA:29,0
DA:30,0
DA:31,0
DA:32,0
DA:33,0
DA:34,1
DA:35,1
DA:36,0
DA:37,0
DA:38,0
DA:39,0
DA:40,0
DA:41,0
DA:42,0
DA:43,0
DA:44,0
DA:45,1
DA:46,1
DA:47,0
DA:48,0
DA:49,0
DA:50,0
DA:51,0
DA:52,0
DA:53,0
DA:54,0
DA:55,0
DA:56,0
DA:57,0
DA:58,0
DA:59,0
DA:60,1
DA:61,1
DA:62,0
DA:63,0
DA:64,0
DA:65,0
DA:66,0
DA:67,0
DA:68,0
DA:69,1
LF:69
LH:33
BRDA:17,0,0,2
BRDA:19,1,0,1
BRDA:22,2,0,1
BRF:3
BRH:3
end_of_record
TN:
SF:src\presentation\todos\routes.ts
FN:7,get routes
FNF:1
FNH:1
FNDA:2,get routes
DA:1,1
DA:2,1
DA:3,1
DA:4,1
DA:5,1
DA:6,1
DA:7,1
DA:8,2
DA:9,2
DA:10,2
DA:11,2
DA:12,2
DA:13,2
DA:14,2
DA:15,2
DA:16,2
DA:17,2
DA:18,2
DA:19,2
DA:20,2
DA:21,2
DA:22,2
DA:23,2
DA:24,2
DA:25,2
DA:26,2
DA:27,2
DA:28,1
LF:28
LH:28
BRDA:7,0,0,2
BRF:1
BRH:1
end_of_record
